# JRE version: OpenJDK Runtime Environment (8.0_76-b03) (build 1.8.0_76-release-b03)
# Java VM: OpenJDK 64-Bit Server VM (25.76-b03 mixed mode windows-amd64 compressed oops)
Heap:
 PSYoungGen      total 40960K, used 20416K [0x00000000e0000000, 0x00000000e3e80000, 0x0000000100000000)
  eden space 30208K, 59% used [0x00000000e0000000,0x00000000e1181648,0x00000000e1d80000)
  from space 10752K, 23% used [0x00000000e1d80000,0x00000000e1fee9e0,0x00000000e2800000)
  to   space 11264K, 0% used [0x00000000e3380000,0x00000000e3380000,0x00000000e3e80000)
 ParOldGen       total 67072K, used 15851K [0x00000000a0000000, 0x00000000a4180000, 0x00000000e0000000)
  object space 67072K, 23% used [0x00000000a0000000,0x00000000a0f7af18,0x00000000a4180000)
 Metaspace       used 37146K, capacity 37822K, committed 38104K, reserved 1081344K
  class space    used 5012K, capacity 5227K, committed 5336K, reserved 1048576K
GC Heap History (10 events):
Event: 42.394 GC heap before
{Heap before GC invocations=9 (full 1):
 PSYoungGen      total 38912K, used 38707K [0x00000000e0000000, 0x00000000e3300000, 0x0000000100000000)
  eden space 31744K, 100% used [0x00000000e0000000,0x00000000e1f00000,0x00000000e1f00000)
  from space 7168K, 97% used [0x00000000e1f80000,0x00000000e264ce10,0x00000000e2680000)
  to   space 10240K, 0% used [0x00000000e2900000,0x00000000e2900000,0x00000000e3300000)
 ParOldGen       total 47616K, used 8933K [0x00000000a0000000, 0x00000000a2e80000, 0x00000000e0000000)
  object space 47616K, 18% used [0x00000000a0000000,0x00000000a08b9550,0x00000000a2e80000)
 Metaspace       used 30316K, capacity 30876K, committed 30976K, reserved 1075200K
  class space    used 4151K, capacity 4333K, committed 4352K, reserved 1048576K
Event: 42.421 GC heap after
Heap after GC invocations=9 (full 1):
 PSYoungGen      total 39936K, used 6813K [0x00000000e0000000, 0x00000000e3180000, 0x0000000100000000)
  eden space 31232K, 0% used [0x00000000e0000000,0x00000000e0000000,0x00000000e1e80000)
  from space 8704K, 78% used [0x00000000e2900000,0x00000000e2fa76a8,0x00000000e3180000)
  to   space 9728K, 0% used [0x00000000e1e80000,0x00000000e1e80000,0x00000000e2800000)
 ParOldGen       total 47616K, used 9005K [0x00000000a0000000, 0x00000000a2e80000, 0x00000000e0000000)
  object space 47616K, 18% used [0x00000000a0000000,0x00000000a08cb560,0x00000000a2e80000)
 Metaspace       used 30316K, capacity 30876K, committed 30976K, reserved 1075200K
  class space    used 4151K, capacity 4333K, committed 4352K, reserved 1048576K
}
Event: 45.597 GC heap before
{Heap before GC invocations=10 (full 1):
 PSYoungGen      total 39936K, used 38045K [0x00000000e0000000, 0x00000000e3180000, 0x0000000100000000)
  eden space 31232K, 100% used [0x00000000e0000000,0x00000000e1e80000,0x00000000e1e80000)
  from space 8704K, 78% used [0x00000000e2900000,0x00000000e2fa76a8,0x00000000e3180000)
  to   space 9728K, 0% used [0x00000000e1e80000,0x00000000e1e80000,0x00000000e2800000)
 ParOldGen       total 47616K, used 9005K [0x00000000a0000000, 0x00000000a2e80000, 0x00000000e0000000)
  object space 47616K, 18% used [0x00000000a0000000,0x00000000a08cb560,0x00000000a2e80000)
 Metaspace       used 31640K, capacity 32210K, committed 32512K, reserved 1077248K
  class space    used 4330K, capacity 4546K, committed 4608K, reserved 1048576K
Event: 45.613 GC heap after
Heap after GC invocations=10 (full 1):
 PSYoungGen      total 40448K, used 8088K [0x00000000e0000000, 0x00000000e3200000, 0x0000000100000000)
  eden space 30720K, 0% used [0x00000000e0000000,0x00000000e0000000,0x00000000e1e00000)
  from space 9728K, 83% used [0x00000000e1e80000,0x00000000e26663b8,0x00000000e2800000)
  to   space 10240K, 0% used [0x00000000e2800000,0x00000000e2800000,0x00000000e3200000)
 ParOldGen       total 47616K, used 9013K [0x00000000a0000000, 0x00000000a2e80000, 0x00000000e0000000)
  object space 47616K, 18% used [0x00000000a0000000,0x00000000a08cd560,0x00000000a2e80000)
 Metaspace       used 31640K, capacity 32210K, committed 32512K, reserved 1077248K
  class space    used 4330K, capacity 4546K, committed 4608K, reserved 1048576K
}
Event: 46.752 GC heap before
{Heap before GC invocations=11 (full 1):
 PSYoungGen      total 40448K, used 24583K [0x00000000e0000000, 0x00000000e3200000, 0x0000000100000000)
  eden space 30720K, 53% used [0x00000000e0000000,0x00000000e101b990,0x00000000e1e00000)
  from space 9728K, 83% used [0x00000000e1e80000,0x00000000e26663b8,0x00000000e2800000)
  to   space 10240K, 0% used [0x00000000e2800000,0x00000000e2800000,0x00000000e3200000)
 ParOldGen       total 47616K, used 9013K [0x00000000a0000000, 0x00000000a2e80000, 0x00000000e0000000)
  object space 47616K, 18% used [0x00000000a0000000,0x00000000a08cd560,0x00000000a2e80000)
 Metaspace       used 34546K, capacity 35230K, committed 35416K, reserved 1079296K
  class space    used 4668K, capacity 4896K, committed 4952K, reserved 1048576K
Event: 46.773 GC heap after
Heap after GC invocations=11 (full 1):
 PSYoungGen      total 40448K, used 9626K [0x00000000e0000000, 0x00000000e3e80000, 0x0000000100000000)
  eden space 30208K, 0% used [0x00000000e0000000,0x00000000e0000000,0x00000000e1d80000)
  from space 10240K, 94% used [0x00000000e2800000,0x00000000e31668d8,0x00000000e3200000)
  to   space 10752K, 0% used [0x00000000e1d80000,0x00000000e1d80000,0x00000000e2800000)
 ParOldGen       total 47616K, used 9021K [0x00000000a0000000, 0x00000000a2e80000, 0x00000000e0000000)
  object space 47616K, 18% used [0x00000000a0000000,0x00000000a08cf560,0x00000000a2e80000)
 Metaspace       used 34546K, capacity 35230K, committed 35416K, reserved 1079296K
  class space    used 4668K, capacity 4896K, committed 4952K, reserved 1048576K
}
Event: 46.773 GC heap before
{Heap before GC invocations=12 (full 2):
 PSYoungGen      total 40448K, used 9626K [0x00000000e0000000, 0x00000000e3e80000, 0x0000000100000000)
  eden space 30208K, 0% used [0x00000000e0000000,0x00000000e0000000,0x00000000e1d80000)
  from space 10240K, 94% used [0x00000000e2800000,0x00000000e31668d8,0x00000000e3200000)
  to   space 10752K, 0% used [0x00000000e1d80000,0x00000000e1d80000,0x00000000e2800000)
 ParOldGen       total 47616K, used 9021K [0x00000000a0000000, 0x00000000a2e80000, 0x00000000e0000000)
  object space 47616K, 18% used [0x00000000a0000000,0x00000000a08cf560,0x00000000a2e80000)
 Metaspace       used 34546K, capacity 35230K, committed 35416K, reserved 1079296K
  class space    used 4668K, capacity 4896K, committed 4952K, reserved 1048576K
Event: 46.899 GC heap after
Heap after GC invocations=12 (full 2):
 PSYoungGen      total 40448K, used 0K [0x00000000e0000000, 0x00000000e3e80000, 0x0000000100000000)
  eden space 30208K, 0% used [0x00000000e0000000,0x00000000e0000000,0x00000000e1d80000)
  from space 10240K, 0% used [0x00000000e2800000,0x00000000e2800000,0x00000000e3200000)
  to   space 10752K, 0% used [0x00000000e1d80000,0x00000000e1d80000,0x00000000e2800000)
 ParOldGen       total 67072K, used 15843K [0x00000000a0000000, 0x00000000a4180000, 0x00000000e0000000)
  object space 67072K, 23% used [0x00000000a0000000,0x00000000a0f78f18,0x00000000a4180000)
 Metaspace       used 34546K, capacity 35230K, committed 35416K, reserved 1079296K
  class space    used 4668K, capacity 4896K, committed 4952K, reserved 1048576K
}
Event: 47.762 GC heap before
{Heap before GC invocations=13 (full 2):
 PSYoungGen      total 40448K, used 30208K [0x00000000e0000000, 0x00000000e3e80000, 0x0000000100000000)
  eden space 30208K, 100% used [0x00000000e0000000,0x00000000e1d80000,0x00000000e1d80000)
  from space 10240K, 0% used [0x00000000e2800000,0x00000000e2800000,0x00000000e3200000)
  to   space 10752K, 0% used [0x00000000e1d80000,0x00000000e1d80000,0x00000000e2800000)
 ParOldGen       total 67072K, used 15843K [0x00000000a0000000, 0x00000000a4180000, 0x00000000e0000000)
  object space 67072K, 23% used [0x00000000a0000000,0x00000000a0f78f18,0x00000000a4180000)
 Metaspace       used 36706K, capacity 37406K, committed 37720K, reserved 1081344K
  class space    used 4954K, capacity 5195K, committed 5208K, reserved 1048576K
Event: 47.769 GC heap after
Heap after GC invocations=13 (full 2):
 PSYoungGen      total 40960K, used 2490K [0x00000000e0000000, 0x00000000e3e80000, 0x0000000100000000)
  eden space 30208K, 0% used [0x00000000e0000000,0x00000000e0000000,0x00000000e1d80000)
  from space 10752K, 23% used [0x00000000e1d80000,0x00000000e1fee9e0,0x00000000e2800000)
  to   space 11264K, 0% used [0x00000000e3380000,0x00000000e3380000,0x00000000e3e80000)
 ParOldGen       total 67072K, used 15851K [0x00000000a0000000, 0x00000000a4180000, 0x00000000e0000000)
  object space 67072K, 23% used [0x00000000a0000000,0x00000000a0f7af18,0x00000000a4180000)
 Metaspace       used 36706K, capacity 37406K, committed 37720K, reserved 1081344K
  class space    used 4954K, capacity 5195K, committed 5208K, reserved 1048576K
}

